C51 COMPILER V9.00   LEDDISPLAY                                                            07/13/2019 16:29:41 PAGE 1   


C51 COMPILER V9.00, COMPILATION OF MODULE LEDDISPLAY
OBJECT MODULE PLACED IN .\LedDisplay.obj
COMPILER INVOKED BY: D:\Exe\C51+Keil4ÕÍ√¿∞Ê\C51\BIN\C51.EXE ..\LedDisplay.c BROWSE DEBUG OBJECTEXTEND OBJECT(.\LedDispla
                    -y.obj)

line level    source

   1          #include<reg52.h>
   2          
   3          sbit A0=P1^0;
   4          sbit A1=P1^1;
   5          sbit ADDR2=P1^2;
   6          sbit ADDR3=P1^3;
   7          sbit ENLED=P1^4;
   8          
   9          void main()
  10          {
  11   1              ENLED=0;
  12   1              ADDR3=1;
  13   1              ADDR2=0;
  14   1              A1=1;
  15   1              A0=0;
  16   1              P0=0xB9;
  17   1              while(1);
  18   1      }


MODULE INFORMATION:   STATIC OVERLAYABLE
   CODE SIZE        =     15    ----
   CONSTANT SIZE    =   ----    ----
   XDATA SIZE       =   ----    ----
   PDATA SIZE       =   ----    ----
   DATA SIZE        =   ----    ----
   IDATA SIZE       =   ----    ----
   BIT SIZE         =   ----    ----
END OF MODULE INFORMATION.


C51 COMPILATION COMPLETE.  0 WARNING(S),  0 ERROR(S)
