C51 COMPILER V9.00   PRACTICE                                                              07/13/2019 20:29:36 PAGE 1   


C51 COMPILER V9.00, COMPILATION OF MODULE PRACTICE
OBJECT MODULE PLACED IN .\practice.obj
COMPILER INVOKED BY: D:\Exe\C51+Keil4ÕÍ√¿∞Ê\C51\BIN\C51.EXE ..\practice.c BROWSE DEBUG OBJECTEXTEND OBJECT(.\practice.ob
                    -j)

line level    source

   1          #include<reg52.h>
   2          
   3          sbit ADDR0 = P1^0;
   4          sbit ADDR1 = P1^1;
   5          sbit ADDR2 = P1^2;
   6          sbit ADDR3 = P1^3;
   7          sbit ENLED = P1^4;
   8          
   9          unsigned char code LedChar[] =
  10              {
  11                      0xC0,0xF9,0xA4,0xB0,0x99,0x92,0x82,0xF8,
  12                      0x80,0x90,0x88,0x83,0xC6,0xA1,0x86,0x8E
  13                  };
  14          
  15          unsigned char LedStart[6] = {0xC0,0xF9,0xA4,0xB0,0x99,0x92};
  16          
  17          void main()
  18          {
  19   1          unsigned int cnt = 0, sec = 0, i = 0;
  20   1          ENLED=0;
  21   1              ADDR3=1;
  22   1          TMOD=0x01;
  23   1              TH0=0x25;
  24   1              TL0=0x32; // 0.02seconds
  25   1              TR0=1;
  26   1      
  27   1          while(1)
  28   1          {
  29   2              if (TF0 == 1)
  30   2              {
  31   3                  TF0 = 0;
  32   3                  TH0=0x25;
  33   3                      TL0=0x32;
  34   3                  cnt++;
  35   3                  if (cnt >= 3)
  36   3                  {
  37   4                      cnt = 0;
  38   4                      sec++;
  39   4                  }
  40   3                  if(i==0)
  41   3                              {ADDR2=0;ADDR1=0;ADDR0=0;i++;P0=LedChar[sec%10];}
  42   3                              else if(i==1)
  43   3                              {ADDR2=0;ADDR1=0;ADDR0=1;i++;P0=LedChar[sec/10%10];}
  44   3                              else if(i==2)
  45   3                              {ADDR2=0;ADDR1=1;ADDR0=0;i++;P0=LedChar[sec/100%10];}
  46   3                              else if(i==3)
  47   3                              {ADDR2=0;ADDR1=1;ADDR0=1;i++;P0=LedChar[sec/1000%10];}
  48   3                              else if(i==4)
  49   3                              {ADDR2=1;ADDR1=0;ADDR0=0;i++;P0=LedChar[sec/10000%10];}
  50   3                              else if(i==5)
  51   3                              {ADDR2=1;ADDR1=0;ADDR0=1;i=0;P0=LedChar[sec/100000%10];}
  52   3              }
  53   2          }
  54   1      }
C51 COMPILER V9.00   PRACTICE                                                              07/13/2019 20:29:36 PAGE 2   



MODULE INFORMATION:   STATIC OVERLAYABLE
   CODE SIZE        =    321    ----
   CONSTANT SIZE    =     16    ----
   XDATA SIZE       =   ----    ----
   PDATA SIZE       =   ----    ----
   DATA SIZE        =      6       6
   IDATA SIZE       =   ----    ----
   BIT SIZE         =   ----    ----
END OF MODULE INFORMATION.


C51 COMPILATION COMPLETE.  0 WARNING(S),  0 ERROR(S)
